Arguments: 
  /usr/local/bin/node /usr/local/bin/yarn add @openzeppelin/contracts

PATH: 
  /opt/homebrew/bin/protoc:/usr/local/go/bin:/Users/heath/GolandProjects/bin:/opt/homebrew/bin:/opt/homebrew/bin:/opt/homebrew/sbin:/Library/Frameworks/Python.framework/Versions/3.10/bin:/usr/local/bin:/usr/bin:/bin:/usr/sbin:/sbin:/usr/local/go/bin:/Library/Apple/usr/bin:/Users/heath/.cargo/bin:/Users/heath/WebstormProjects/deme-lens-v2/node_modules/.bin:/Users/heath/.foundry/bin:/Users/heath/Library/Python/3.10/bin:/Users/heath/.local/bin:/usr/local/lib/pkgconfig:/Users/heath/Library/Python/3.10/bin:/Users/heath/.local/bin:/Users/heath/Documents/apache-maven-3.8.6/bin:/Users/heath/.cargo/bin

Yarn version: 
  1.22.19

Node version: 
  16.0.0

Platform: 
  darwin arm64

Trace: 
  Error: https://registry.npmjs.org/@seadrop%2fcontracts: Not found
      at Request.params.callback [as _callback] (/usr/local/lib/node_modules/yarn/lib/cli.js:66145:18)
      at Request.self.callback (/usr/local/lib/node_modules/yarn/lib/cli.js:140890:22)
      at Request.emit (node:events:365:28)
      at Request.<anonymous> (/usr/local/lib/node_modules/yarn/lib/cli.js:141862:10)
      at Request.emit (node:events:365:28)
      at IncomingMessage.<anonymous> (/usr/local/lib/node_modules/yarn/lib/cli.js:141784:12)
      at Object.onceWrapper (node:events:471:28)
      at IncomingMessage.emit (node:events:377:35)
      at endReadableNT (node:internal/streams/readable:1312:12)
      at processTicksAndRejections (node:internal/process/task_queues:83:21)

npm manifest: 
  {
    "name": "@aave/lens-protocol",
    "version": "2.0.0",
    "description": "Composable and decentralized social graph",
    "scripts": {
      "build": "forge build --sizes",
      "coverage": "forge coverage --report lcov && genhtml lcov.info -o report --branch-coverage",
      "test": "forge test",
      "test:gas": "forge test -vvv --gas-report",
      "compile": "SKIP_LOAD=true hardhat clean && SKIP_LOAD=true hardhat compile",
      "deploy:local": "hardhat full-deploy --network localhost",
      "deploy:mumbai": "hardhat full-deploy --network mumbai"
    },
    "repository": {
      "type": "git",
      "url": "https://github.com/aave/lens-protocol"
    },
    "bugs": {
      "url": "https://github.com/aave/lens-protocol/issues"
    },
    "homepage": "https://github.com/aave/lens-protocol#readme",
    "devDependencies": {
      "@nomiclabs/hardhat-ethers": "2.0.2",
      "@nomiclabs/hardhat-etherscan": "2.1.8",
      "@typechain/ethers-v5": "8.0.5",
      "@typechain/hardhat": "3.0.0",
      "@types/chai": "4.2.22",
      "@types/mocha": "9.0.0",
      "@types/node": "16.11.11",
      "@typescript-eslint/eslint-plugin": "5.5.0",
      "@typescript-eslint/parser": "5.5.0",
      "chai": "4.3.4",
      "defender-relay-client": "1.12.1",
      "dotenv": "10.0.0",
      "eslint": "8.3.0",
      "eslint-config-prettier": "8.3.0",
      "eslint-plugin-prettier": "4.0.0",
      "ethereum-waffle": "3.4.0",
      "ethers": "^5.7.1",
      "hardhat": "2.16.1",
      "hardhat-contract-sizer": "^2.5.0",
      "hardhat-gas-reporter": "1.0.8",
      "hardhat-log-remover": "2.0.2",
      "hardhat-spdx-license-identifier": "2.0.3",
      "hardhat-tracer": "^1.1.0-rc.6",
      "husky": "7.0.4",
      "prettier": "^2.5.0",
      "prettier-plugin-solidity": "^1.1.2",
      "solidity-coverage": "^0.8.2",
      "ts-generator": "0.1.1",
      "ts-node": "10.4.0",
      "typechain": "6.0.5",
      "typescript": "4.5.2"
    },
    "husky": {
      "hooks": {
        "pre-commit": "pretty-quick --staged --pattern 'contracts/**/*.sol' --pattern 'helpers/**/*.ts'  --pattern 'test/**/*.ts' --pattern 'tasks/**/*.ts'"
      }
    },
    "dependencies": {
      "@openzeppelin/contracts": "4.8.0",
      "@seadrop/contracts": "1.0.0"
    },
    "author": "Lens",
    "contributors": [
      "Alan Donoso Naumczuk",
      "Victor Naumik",
      "Josh Stevens",
      "Peter Michael (Zer0dot)",
      "David Racero",
      "Emilio Frangella",
      "Lasse Herskind",
      "Miguel Martinez",
      "Steven Valeri"
    ],
    "license": "MIT",
    "keywords": [
      "lens",
      "protocol",
      "aave",
      "social",
      "graph",
      "solidity",
      "evm",
      "contracts",
      "core"
    ]
  }

yarn manifest: 
  No manifest

Lockfile: 
  No lockfile
